<?xml version="1.0" encoding="UTF-8"?>
<testsuites name="Create and Delete Data" time="17.565" tests="2" failures="0" errors="0">
   <testsuite name="Create and Delete Data" tests="2" failures="0" errors="0" time="17.565" skipped="0" timestamp="13-02-2024T16:09:00" hostname="masep - MSI" id="Test Suites/Create and Delete Data">
      <properties>
         <property name="deviceName" value=""/>
         <property name="devicePlatform" value=""/>
         <property name="logFolder" value="C:\\Users\\masep\\git\\katalon-FinalTaskAPI-AsepMahmudin\\Reports\\20240213_160848\\Create and Delete Data\\20240213_160848"/>
         <property name="logFiles" value="C:\\Users\\masep\\git\\katalon-FinalTaskAPI-AsepMahmudin\\Reports\\20240213_160848\\Create and Delete Data\\20240213_160848\\execution0.log"/>
         <property name="attachments" value=""/>
         <property name="hostName" value="masep - MSI"/>
         <property name="hostAddress" value="172.16.213.166"/>
         <property name="os" value="Windows 11 64bit"/>
         <property name="katalonVersion" value="9.2.0.212"/>
      </properties>
      <testcase name="Test Cases/Create Booking" time="13.135" classname="Test Cases/Create Booking" status="PASSED">
         <system-out><![CDATA[13-02-2024T16:09:00 - [TEST_CASE][PASSED] - Test Cases/Create Booking: Test Cases/Create Booking

13-02-2024T16:09:01 - [TEST_STEP][PASSED] - response = sendRequest(findTestObject("Token")): Send request successfully

13-02-2024T16:09:07 - [MESSAGE][INFO] - HAR: C:\Users\masep\git\katalon-FinalTaskAPI-AsepMahmudin\Reports\20240213_160848\Create and Delete Data\20240213_160848\requests\main\0.har

13-02-2024T16:09:07 - [MESSAGE][PASSED] - Send request successfully

13-02-2024T16:09:07 - [TEST_STEP][PASSED] - token = getElementPropertyValue(response, "token"): null

13-02-2024T16:09:08 - [TEST_STEP][PASSED] - createBooking = sendRequest(findTestObject("Object Repository/Post Booking - Create Data")): Send request successfully

13-02-2024T16:09:09 - [MESSAGE][INFO] - HAR: C:\Users\masep\git\katalon-FinalTaskAPI-AsepMahmudin\Reports\20240213_160848\Create and Delete Data\20240213_160848\requests\main\1.har

13-02-2024T16:09:09 - [MESSAGE][PASSED] - Send request successfully

13-02-2024T16:09:09 - [TEST_STEP][PASSED] - bookingId = 0: null

13-02-2024T16:09:09 - [TEST_STEP][PASSED] - if (verifyResponseStatusCode(createBooking, 200)): null

13-02-2024T16:09:09 - [MESSAGE][PASSED] - Verify response status code successfully

13-02-2024T16:09:09 - [TEST_STEP][PASSED] - bookingId = getElementPropertyValue(createBooking, "bookingid"): null

13-02-2024T16:09:10 - [TEST_STEP][PASSED] - GetDatabyId = sendRequest(findTestObject("Object Repository/Get By IdBooking", ["id":bookingId])): Send request successfully

13-02-2024T16:09:11 - [MESSAGE][INFO] - HAR: C:\Users\masep\git\katalon-FinalTaskAPI-AsepMahmudin\Reports\20240213_160848\Create and Delete Data\20240213_160848\requests\main\2.har

13-02-2024T16:09:11 - [MESSAGE][PASSED] - Send request successfully

13-02-2024T16:09:11 - [TEST_STEP][PASSED] - println("booking idnya = " + bookingId): null

13-02-2024T16:09:11 - [TEST_STEP][PASSED] - bookingId = bookingId: null

13-02-2024T16:09:13 - [TEST_STEP][PASSED] - Video: Video recording for test case 'Test Cases/Create Booking' .

13-02-2024T16:09:13 - [MESSAGE][INFO] - Video recording for test case 'Test Cases/Create Booking' .]]></system-out>
         <system-err><![CDATA[]]></system-err>
      </testcase>
      <testcase name="Test Cases/Delete Booking" time="4.057" classname="Test Cases/Delete Booking" status="PASSED">
         <system-out><![CDATA[13-02-2024T16:09:13 - [TEST_CASE][PASSED] - Test Cases/Delete Booking: Test Cases/Delete Booking

13-02-2024T16:09:13 - [TEST_STEP][PASSED] - println("ini tokennya " + token): null

13-02-2024T16:09:13 - [TEST_STEP][PASSED] - println("ini idbookingnya " + bookingId): null

13-02-2024T16:09:13 - [TEST_STEP][PASSED] - deleteBooking = sendRequest(findTestObject("Object Repository/Delete Booking", ["id":bookingId])): Send request successfully

13-02-2024T16:09:15 - [MESSAGE][INFO] - HAR: C:\Users\masep\git\katalon-FinalTaskAPI-AsepMahmudin\Reports\20240213_160848\Create and Delete Data\20240213_160848\requests\main\3.har

13-02-2024T16:09:15 - [MESSAGE][PASSED] - Send request successfully

13-02-2024T16:09:15 - [TEST_STEP][PASSED] - verifyResponseStatusCode(deleteBooking, 201): Verify response status code successfully

13-02-2024T16:09:15 - [MESSAGE][PASSED] - Verify response status code successfully

13-02-2024T16:09:17 - [TEST_STEP][PASSED] - Video: Video recording for test case 'Test Cases/Delete Booking' .

13-02-2024T16:09:17 - [MESSAGE][INFO] - Video recording for test case 'Test Cases/Delete Booking' .]]></system-out>
         <system-err><![CDATA[]]></system-err>
      </testcase>
      <system-out><![CDATA[13-02-2024T16:09:00 - [TEST_SUITE][PASSED] - Create and Delete Data: Test Cases/Delete Booking]]></system-out>
      <system-err><![CDATA[]]></system-err>
   </testsuite>
</testsuites>
